2020-09-18 09:07:05 [127.0.0.1][-][ibv3a5o6cmpnel73qb988kmhgaupnp8u][error][yii\web\HttpException:400] yii\web\BadRequestHttpException: Unable to verify your data submission. in C:\Users\jts6i\Downloads\OpenServer\domains\localhost\rest09\vendor\yiisoft\yii2\web\Controller.php:202
Stack trace:
#0 C:\Users\jts6i\Downloads\OpenServer\domains\localhost\rest09\vendor\yiisoft\yii2-gii\src\controllers\DefaultController.php(38): yii\web\Controller->beforeAction(Object(yii\base\InlineAction))
#1 C:\Users\jts6i\Downloads\OpenServer\domains\localhost\rest09\vendor\yiisoft\yii2\base\Controller.php(178): yii\gii\controllers\DefaultController->beforeAction(Object(yii\base\InlineAction))
#2 C:\Users\jts6i\Downloads\OpenServer\domains\localhost\rest09\vendor\yiisoft\yii2\base\Module.php(528): yii\base\Controller->runAction('view', Array)
#3 C:\Users\jts6i\Downloads\OpenServer\domains\localhost\rest09\vendor\yiisoft\yii2\web\Application.php(103): yii\base\Module->runAction('gii/default/vie...', Array)
#4 C:\Users\jts6i\Downloads\OpenServer\domains\localhost\rest09\vendor\yiisoft\yii2\base\Application.php(386): yii\web\Application->handleRequest(Object(yii\web\Request))
#5 C:\Users\jts6i\Downloads\OpenServer\domains\localhost\rest09\web\index.php(12): yii\base\Application->run()
#6 {main}
2020-09-18 09:07:05 [127.0.0.1][-][ibv3a5o6cmpnel73qb988kmhgaupnp8u][info][application] $_GET = [
    'r' => 'gii/default/view'
    'id' => 'model'
]

$_POST = [
    '_csrf' => 'QBGi600HJykbnRCVGZ1sW7pM8N1jy-z3W4gyYDElXJUPWvGvIDdlRW2uQ8RX9S4c5QCj6RGa3aUi7QUPA2cJpw=='
    'Generator' => [
        'tableName' => 'user'
        'modelClass' => 'User'
        'standardizeCapitals' => '0'
        'singularize' => '0'
        'ns' => 'app\\models'
        'baseClass' => 'yii\\db\\ActiveRecord'
        'db' => 'db'
        'useTablePrefix' => '0'
        'generateRelations' => 'all'
        'generateRelationsFromCurrentSchema' => '1'
        'generateLabelsFromComments' => '0'
        'generateQuery' => '1'
        'queryNs' => 'app\\models'
        'queryClass' => 'UserQuery'
        'queryBaseClass' => 'app\\models\\queries'
        'enableI18N' => '0'
        'messageCategory' => 'app'
        'useSchemaName' => '1'
        'template' => 'default'
    ]
    'preview' => ''
]

$_FILES = []

$_COOKIE = [
    'PHPSESSID' => 'ibv3a5o6cmpnel73qb988kmhgaupnp8u'
    '_csrf' => 'dbc3a2f647c2fdcf8bc0b4d3ac9656e89e19c158e7bd0519a0d39430353c76eca:2:{i:0;s:5:\"_csrf\";i:1;s:32:\"4BEhqBxf7nfMltpnLtUhyHC5HU2J_yum\";}'
]

$_SESSION = [
    '__flash' => []
    '__captcha/site/captcha' => 'ezbuwe'
    '__captcha/site/captchacount' => 1
]

$_SERVER = [
    'HTTP_HOST' => 'localhost'
    'HTTP_CONNECTION' => 'keep-alive'
    'CONTENT_LENGTH' => '896'
    'HTTP_CACHE_CONTROL' => 'max-age=0'
    'HTTP_UPGRADE_INSECURE_REQUESTS' => '1'
    'HTTP_ORIGIN' => 'http://localhost'
    'CONTENT_TYPE' => 'application/x-www-form-urlencoded'
    'HTTP_USER_AGENT' => 'Mozilla/5.0 (Windows NT 10.0; Win64; x64) AppleWebKit/537.36 (KHTML, like Gecko) Chrome/84.0.4147.135 Safari/537.36 OPR/70.0.3728.178'
    'HTTP_ACCEPT' => 'text/html,application/xhtml+xml,application/xml;q=0.9,image/webp,image/apng,*/*;q=0.8,application/signed-exchange;v=b3;q=0.9'
    'HTTP_SEC_FETCH_SITE' => 'same-origin'
    'HTTP_SEC_FETCH_MODE' => 'navigate'
    'HTTP_SEC_FETCH_USER' => '?1'
    'HTTP_SEC_FETCH_DEST' => 'document'
    'HTTP_REFERER' => 'http://localhost/rest09/web/index.php?r=gii%2Fdefault%2Fview&id=model'
    'HTTP_ACCEPT_ENCODING' => 'gzip, deflate, br'
    'HTTP_ACCEPT_LANGUAGE' => 'ru-RU,ru;q=0.9,en-US;q=0.8,en;q=0.7'
    'HTTP_COOKIE' => 'PHPSESSID=ibv3a5o6cmpnel73qb988kmhgaupnp8u; _csrf=dbc3a2f647c2fdcf8bc0b4d3ac9656e89e19c158e7bd0519a0d39430353c76eca%3A2%3A%7Bi%3A0%3Bs%3A5%3A%22_csrf%22%3Bi%3A1%3Bs%3A32%3A%224BEhqBxf7nfMltpnLtUhyHC5HU2J_yum%22%3B%7D'
    'PATH' => 'c:\\users\\jts6i\\downloads\\openserver\\modules\\php\\PHP_7.1\\ext;c:\\users\\jts6i\\downloads\\openserver\\modules\\php\\PHP_7.1\\pear;c:\\users\\jts6i\\downloads\\openserver\\modules\\php\\PHP_7.1\\pear\\bin;c:\\users\\jts6i\\downloads\\openserver\\modules\\php\\PHP_7.1;c:\\users\\jts6i\\downloads\\openserver\\modules\\wget\\bin;c:\\users\\jts6i\\downloads\\openserver\\modules\\database\\MariaDB-10.3\\bin;c:\\users\\jts6i\\downloads\\openserver\\modules\\http\\Apache_2.4-PHP_7.0-7.1\\bin;c:\\users\\jts6i\\downloads\\openserver\\modules\\http\\Apache_2.4-PHP_7.0-7.1;C:\\WINDOWS\\system32;C:\\WINDOWS;C:\\WINDOWS\\system32\\Wbem;C:\\WINDOWS\\SysWOW64'
    'SystemRoot' => 'C:\\WINDOWS'
    'COMSPEC' => 'C:\\WINDOWS\\system32\\cmd.exe'
    'PATHEXT' => '.COM;.EXE;.BAT;.CMD;.VBS;.VBE;.JS;.JSE;.WSF;.WSH;.MSC'
    'WINDIR' => 'C:\\WINDOWS'
    'SERVER_SIGNATURE' => ''
    'SERVER_SOFTWARE' => 'Apache'
    'SERVER_NAME' => 'localhost'
    'SERVER_ADDR' => '127.0.0.1'
    'SERVER_PORT' => '80'
    'REMOTE_ADDR' => '127.0.0.1'
    'DOCUMENT_ROOT' => 'C:/Users/jts6i/Downloads/OpenServer/domains/localhost'
    'REQUEST_SCHEME' => 'http'
    'CONTEXT_PREFIX' => ''
    'CONTEXT_DOCUMENT_ROOT' => 'C:/Users/jts6i/Downloads/OpenServer/domains/localhost'
    'SERVER_ADMIN' => '[no address given]'
    'SCRIPT_FILENAME' => 'C:/Users/jts6i/Downloads/OpenServer/domains/localhost/rest09/web/index.php'
    'REMOTE_PORT' => '55659'
    'GATEWAY_INTERFACE' => 'CGI/1.1'
    'SERVER_PROTOCOL' => 'HTTP/1.1'
    'REQUEST_METHOD' => 'POST'
    'QUERY_STRING' => 'r=gii%2Fdefault%2Fview&id=model'
    'REQUEST_URI' => '/rest09/web/index.php?r=gii%2Fdefault%2Fview&id=model'
    'SCRIPT_NAME' => '/rest09/web/index.php'
    'PHP_SELF' => '/rest09/web/index.php'
    'REQUEST_TIME_FLOAT' => 1600409224.708
    'REQUEST_TIME' => 1600409224
    'argv' => [
        0 => 'r=gii%2Fdefault%2Fview&id=model'
    ]
    'argc' => 1
]
